<?xml version="1.0" encoding="UTF-8"?>
<!-- Generated by org.testng.reporters.JUnitXMLReporter -->
<testsuite hostname="VJ-Ubuntu" name="Command line test" tests="1" failures="0" timestamp="31 Jan 2016 16:21:12 GMT" time="0.027" errors="0">
  <testcase name="@BeforeClass setUp" time="0.0" classname="com.econvergance.testng.DocumentManagerSuccessHandler">
    <failure type="org.testng.TestNGException" message="
Parameter &amp;apos;serverURL&amp;apos; is required by @Configuration on method setUp but has not been marked @Optional or defined
">
      <![CDATA[org.testng.TestNGException: 
Parameter 'serverURL' is required by @Configuration on method setUp but has not been marked @Optional or defined

... Removed 30 stack frames]]>
    </failure>
  </testcase> <!-- @BeforeClass setUp -->
  <testcase name="@AfterClass tearDown" time="0.0" classname="com.econvergance.testng.DocumentManagerSuccessHandler">
    <failure type="java.lang.NullPointerException">
      <![CDATA[java.lang.NullPointerException
	at com.econvergance.testng.DocumentManagerSuccessHandler.tearDown(DocumentManagerSuccessHandler.java:91)
... Removed 33 stack frames]]>
    </failure>
  </testcase> <!-- @AfterClass tearDown -->
  <testcase name="testDocManager" time="0.008" classname="com.econvergance.testng.DocumentManagerSuccessHandler">
    <skipped/>
  </testcase> <!-- testDocManager -->
</testsuite> <!-- Command line test -->
