<?xml version="1.0" encoding="UTF-8"?>
<testng-results skipped="0" failed="0" total="1" passed="1">
  <reporter-output>
  </reporter-output>
  <suite name="Default suite" duration-ms="40307" started-at="2016-03-07T20:50:48Z" finished-at="2016-03-07T20:51:28Z">
    <groups>
    </groups>
    <test name="Default test" duration-ms="40307" started-at="2016-03-07T20:50:48Z" finished-at="2016-03-07T20:51:28Z">
      <class name="test.java.com.econvergance.testng.CreateFileAB">
        <test-method status="PASS" signature="setUp(java.lang.String, java.lang.String, java.lang.String)[pri:0, instance:test.java.com.econvergance.testng.CreateFileAB@2ff4f00f]" name="setUp" is-config="true" duration-ms="16102" started-at="2016-03-07T15:50:48Z" finished-at="2016-03-07T15:51:04Z">
          <params>
            <param index="0">
              <value>
                <![CDATA[https://portal-test3.econveyancepro.com/]]>
              </value>
            </param>
            <param index="1">
              <value>
                <![CDATA[pd18611]]>
              </value>
            </param>
            <param index="2">
              <value>
                <![CDATA[WeAreGreat12]]>
              </value>
            </param>
          </params>
          <reporter-output>
          </reporter-output>
        </test-method> <!-- setUp -->
        <test-method status="PASS" signature="setUp(java.lang.String, java.lang.String, java.lang.String)[pri:0, instance:test.java.com.econvergance.testng.CreateFileAB@2ff4f00f]" name="setUp" is-config="true" duration-ms="14806" started-at="2016-03-07T15:51:04Z" finished-at="2016-03-07T15:51:19Z">
          <params>
            <param index="0">
              <value>
                <![CDATA[https://portal-test3.econveyancepro.com/]]>
              </value>
            </param>
            <param index="1">
              <value>
                <![CDATA[pd18611]]>
              </value>
            </param>
            <param index="2">
              <value>
                <![CDATA[WeAreGreat12]]>
              </value>
            </param>
          </params>
          <reporter-output>
          </reporter-output>
        </test-method> <!-- setUp -->
        <test-method status="PASS" signature="testCreatefile(java.lang.String, java.lang.String, java.lang.String, java.lang.String)[pri:0, instance:test.java.com.econvergance.testng.CreateFileAB@2ff4f00f]" name="testCreatefile" duration-ms="8409" started-at="2016-03-07T15:51:19Z" finished-at="2016-03-07T15:51:27Z">
          <params>
            <param index="0">
              <value>
                <![CDATA[Damon, Matt]]>
              </value>
            </param>
            <param index="1">
              <value>
                <![CDATA[123456783]]>
              </value>
            </param>
            <param index="2">
              <value>
                <![CDATA[Buyer]]>
              </value>
            </param>
            <param index="3">
              <value>
                <![CDATA[Cathy (PD18611)]]>
              </value>
            </param>
          </params>
          <reporter-output>
          </reporter-output>
        </test-method> <!-- testCreatefile -->
        <test-method status="PASS" signature="tearDown()[pri:0, instance:test.java.com.econvergance.testng.CreateFileAB@2ff4f00f]" name="tearDown" is-config="true" duration-ms="974" started-at="2016-03-07T15:51:27Z" finished-at="2016-03-07T15:51:28Z">
          <reporter-output>
          </reporter-output>
        </test-method> <!-- tearDown -->
        <test-method status="FAIL" signature="tearDown()[pri:0, instance:test.java.com.econvergance.testng.CreateFileAB@2ff4f00f]" name="tearDown" is-config="true" duration-ms="0" started-at="2016-03-07T15:51:28Z" finished-at="2016-03-07T15:51:28Z">
          <exception class="org.openqa.selenium.remote.SessionNotFoundException">
            <message>
              <![CDATA[The FirefoxDriver cannot be used after quit() was called.
Build info: version: '2.49.0', revision: '365eeb44deba2067b1761c8862ef21d55250e063', time: '2016-01-13 11:57:39'
System info: host: 'devvijay2', ip: '192.168.56.1', os.name: 'Windows 8.1', os.arch: 'amd64', os.version: '6.3', java.version: '1.8.0_71'
Driver info: driver.version: RemoteWebDriver]]>
            </message>
            <full-stacktrace>
              <![CDATA[org.openqa.selenium.remote.SessionNotFoundException: The FirefoxDriver cannot be used after quit() was called.
Build info: version: '2.49.0', revision: '365eeb44deba2067b1761c8862ef21d55250e063', time: '2016-01-13 11:57:39'
System info: host: 'devvijay2', ip: '192.168.56.1', os.name: 'Windows 8.1', os.arch: 'amd64', os.version: '6.3', java.version: '1.8.0_71'
Driver info: driver.version: RemoteWebDriver
	at org.openqa.selenium.firefox.FirefoxDriver$LazyCommandExecutor.execute(FirefoxDriver.java:377)
	at org.openqa.selenium.remote.RemoteWebDriver.execute(RemoteWebDriver.java:644)
	at org.openqa.selenium.remote.RemoteWebDriver.findElement(RemoteWebDriver.java:363)
	at org.openqa.selenium.remote.RemoteWebDriver.findElementByXPath(RemoteWebDriver.java:500)
	at org.openqa.selenium.By$ByXPath.findElement(By.java:361)
	at org.openqa.selenium.remote.RemoteWebDriver.findElement(RemoteWebDriver.java:355)
	at test.java.com.econvergance.testng.CreateFileAB.tearDown(CreateFileAB.java:72)
	at sun.reflect.NativeMethodAccessorImpl.invoke0(Native Method)
	at sun.reflect.NativeMethodAccessorImpl.invoke(NativeMethodAccessorImpl.java:62)
	at sun.reflect.DelegatingMethodAccessorImpl.invoke(DelegatingMethodAccessorImpl.java:43)
	at java.lang.reflect.Method.invoke(Method.java:497)
	at org.testng.internal.MethodInvocationHelper.invokeMethod(MethodInvocationHelper.java:84)
	at org.testng.internal.Invoker.invokeConfigurationMethod(Invoker.java:564)
	at org.testng.internal.Invoker.invokeConfigurations(Invoker.java:213)
	at org.testng.internal.Invoker.invokeConfigurations(Invoker.java:138)
	at org.testng.internal.TestMethodWorker.invokeAfterClassMethods(TestMethodWorker.java:225)
	at org.testng.internal.TestMethodWorker.run(TestMethodWorker.java:114)
	at org.testng.TestRunner.privateRun(TestRunner.java:767)
	at org.testng.TestRunner.run(TestRunner.java:617)
	at org.testng.SuiteRunner.runTest(SuiteRunner.java:348)
	at org.testng.SuiteRunner.runSequentially(SuiteRunner.java:343)
	at org.testng.SuiteRunner.privateRun(SuiteRunner.java:305)
	at org.testng.SuiteRunner.run(SuiteRunner.java:254)
	at org.testng.SuiteRunnerWorker.runSuite(SuiteRunnerWorker.java:52)
	at org.testng.SuiteRunnerWorker.run(SuiteRunnerWorker.java:86)
	at org.testng.TestNG.runSuitesSequentially(TestNG.java:1224)
	at org.testng.TestNG.runSuitesLocally(TestNG.java:1149)
	at org.testng.TestNG.run(TestNG.java:1057)
	at org.testng.remote.RemoteTestNG.run(RemoteTestNG.java:115)
	at org.testng.remote.RemoteTestNG.initAndRun(RemoteTestNG.java:207)
	at org.testng.remote.RemoteTestNG.main(RemoteTestNG.java:178)
]]>
            </full-stacktrace>
          </exception> <!-- org.openqa.selenium.remote.SessionNotFoundException -->
          <reporter-output>
          </reporter-output>
        </test-method> <!-- tearDown -->
      </class> <!-- test.java.com.econvergance.testng.CreateFileAB -->
    </test> <!-- Default test -->
  </suite> <!-- Default suite -->
</testng-results>
